[INFO] Email Sent. [services.py](68)
[INFO] Email Sent. [services.py](68)
[INFO] Email Sent. [services.py](68)
[INFO] Email Sent. [services.py](68)
[INFO] Email Sent. [services.py](68)
[INFO] Starting new HTTP connection (1): dynamobim.org [connectionpool.py](207)
[INFO] Starting new HTTP connection (1): dynamobim.org [connectionpool.py](207)
[INFO] Starting new HTTP connection (1): dynamobim.org [connectionpool.py](207)
[INFO] Post Email Sent [services.py](73)
[INFO] Starting new HTTP connection (1): dynamobim.org [connectionpool.py](207)
[INFO] Post Email Sent [services.py](78)
[INFO] Dynotification Sent [notify.py](24)
[INFO] Starting new HTTP connection (1): dynamobim.org [connectionpool.py](207)
[INFO] No new Posts to notify. [services.py](85)
[INFO] Dynotification Sent [notify.py](25)
[INFO] Starting new HTTP connection (1): dynamobim.org [connectionpool.py](207)
[INFO] No new Posts to notify. [services.py](87)
[INFO] Starting new HTTP connection (1): dynamobim.org [connectionpool.py](207)
[INFO] No new Posts to notify. [services.py](87)
[INFO] Starting new HTTP connection (1): dynamobim.org [connectionpool.py](207)
[INFO] Post Email Sent [services.py](79)
[INFO] Starting new HTTP connection (1): dynamobim.org [connectionpool.py](207)
[INFO] No new Posts to notify. [services.py](87)
[INFO] Starting new HTTP connection (1): dynamobim.org [connectionpool.py](207)
[INFO] Post Email Sent [services.py](79)
[INFO] Starting new HTTP connection (1): dynamobim.org [connectionpool.py](207)
[INFO] Post Email Sent [services.py](79)
[INFO] Starting new HTTP connection (1): dynamobim.org [connectionpool.py](207)
[INFO] Post Email Sent [services.py](79)
[INFO] Email parsing error: None [views.py](53)
[INFO] Email parsing error: None [views.py](53)
[INFO] Email parsing error: None [views.py](53)
[INFO] Email parsing error: None [views.py](53)
[INFO] Email parsing error: None [views.py](53)
[INFO] Email parsing error: None [views.py](53)
[INFO] Email parsing error: None [views.py](53)
[INFO] Email parsing error: None [views.py](53)
[INFO] Email parsing error: None [views.py](53)
[INFO] Email parsing error: None [views.py](53)
[INFO] Email parsing error: None [views.py](53)
[INFO] Email parsing error: None [views.py](53)
[INFO] Email parsing error: None [views.py](53)
[INFO] Email parsing error: None [views.py](53)
[INFO] Email parsing error: None [views.py](53)
[INFO] Email parsing error: None [views.py](53)
[INFO] Email parsing error: None [views.py](53)
[INFO] Email parsing error: None [views.py](53)
[INFO] Email parsing error: None [views.py](53)
[INFO] Email parsing error: None [views.py](53)
[INFO] Email parsing error: None [views.py](53)
[INFO] Email parsing error: None [views.py](53)
[INFO] Email parsing error: None [views.py](53)
[INFO] Email parsing error: None [views.py](53)
[INFO] Email parsing error: None [views.py](53)
[INFO] Email parsing error: None [views.py](53)
[INFO] Email parsing error: None [views.py](53)
[INFO] Email parsing error: None [views.py](53)
[INFO] Email parsing error: None [views.py](53)
[INFO] Email parsing error: None [views.py](53)
[INFO] Email parsing error: None [views.py](53)
[INFO] Email parsing error: None [views.py](53)
[INFO] Email parsing error: None [views.py](53)
[INFO] Email parsing error: None [views.py](53)
[INFO] Email parsing error: None [views.py](53)
[INFO] Email parsing error: None [views.py](53)
[INFO] Email parsing error: None [views.py](53)
[INFO] Email parsing error: None [views.py](53)
[INFO] Email parsing error: None [views.py](53)
[INFO] Email parsing error: None [views.py](53)
[INFO] Email parsing error: None [views.py](53)
[INFO] Email parsing error: None [views.py](53)
[INFO] Email parsing error: None [views.py](53)
[INFO] Email parsing error: None [views.py](53)
[INFO] Email parsing error: None [views.py](53)
[INFO] Starting new HTTP connection (1): dynamobim.org [connectionpool.py](207)
[INFO] Starting new HTTP connection (1): dynamobim.org [connectionpool.py](207)
[INFO] Email Sent. [services.py](116)
[INFO] Starting new HTTP connection (1): dynamobim.org [connectionpool.py](207)
[INFO] Starting new HTTP connection (1): dynamobim.org [connectionpool.py](207)
